<?xml version="1.0" encoding="UTF-8"?>
<!-- Generated by org.testng.reporters.JUnitXMLReporter -->
<testsuite hostname="C02Y21LEJG5J" ignored="0" name="Default test" tests="1" failures="0" timestamp="2020-08-19T19:23:22 IST" time="0.036" errors="0">
  <testcase name="@BeforeMethod driversetUp" time="-1.597845202546E9" classname="TestBase.DriverBase">
    <failure type="org.testng.TestNGException" message="
Parameter &amp;apos;deviceName_&amp;apos; is required by BeforeMethod on method driversetUp but has not been marked @Optional or defined
in /private/var/folders/j5/3ttcg2j924q5b4rd7n1k0zlc0000gq/T/testng-eclipse--543982333/testng-customsuite.xml">
      <![CDATA[org.testng.TestNGException: 
Parameter 'deviceName_' is required by BeforeMethod on method driversetUp but has not been marked @Optional or defined
in /private/var/folders/j5/3ttcg2j924q5b4rd7n1k0zlc0000gq/T/testng-eclipse--543982333/testng-customsuite.xml
at org.testng.internal.Parameters.createParams(Parameters.java:268)
at org.testng.internal.Parameters.createParametersForMethod(Parameters.java:356)
at org.testng.internal.Parameters.createParameters(Parameters.java:700)
at org.testng.internal.Parameters.createConfigurationParameters(Parameters.java:166)
at org.testng.internal.ConfigInvoker.invokeConfigurations(ConfigInvoker.java:301)
at org.testng.internal.TestInvoker.runConfigMethods(TestInvoker.java:701)
at org.testng.internal.TestInvoker.invokeMethod(TestInvoker.java:527)
at org.testng.internal.TestInvoker.invokeTestMethod(TestInvoker.java:174)
at org.testng.internal.MethodRunner.runInSequence(MethodRunner.java:46)
at org.testng.internal.TestInvoker$MethodInvocationAgent.invoke(TestInvoker.java:822)
at org.testng.internal.TestInvoker.invokeTestMethods(TestInvoker.java:147)
at org.testng.internal.TestMethodWorker.invokeTestMethods(TestMethodWorker.java:146)
at org.testng.internal.TestMethodWorker.run(TestMethodWorker.java:128)
at java.util.ArrayList.forEach(ArrayList.java:1257)
at org.testng.TestRunner.privateRun(TestRunner.java:764)
at org.testng.TestRunner.run(TestRunner.java:585)
at org.testng.SuiteRunner.runTest(SuiteRunner.java:384)
at org.testng.SuiteRunner.runSequentially(SuiteRunner.java:378)
at org.testng.SuiteRunner.privateRun(SuiteRunner.java:337)
at org.testng.SuiteRunner.run(SuiteRunner.java:286)
at org.testng.SuiteRunnerWorker.runSuite(SuiteRunnerWorker.java:53)
at org.testng.SuiteRunnerWorker.run(SuiteRunnerWorker.java:96)
at org.testng.TestNG.runSuitesSequentially(TestNG.java:1218)
at org.testng.TestNG.runSuitesLocally(TestNG.java:1140)
at org.testng.TestNG.runSuites(TestNG.java:1069)
at org.testng.TestNG.run(TestNG.java:1037)
at org.testng.remote.AbstractRemoteTestNG.run(AbstractRemoteTestNG.java:115)
at org.testng.remote.RemoteTestNG.initAndRun(RemoteTestNG.java:251)
at org.testng.remote.RemoteTestNG.main(RemoteTestNG.java:77)
]]>
    </failure>
  </testcase> <!-- @BeforeMethod driversetUp -->
  <testcase name="@AfterMethod listenerResultFlow_driverTearDown" time="-1.597845202558E9" classname="TestBase.DriverBase">
    <skipped/>
  </testcase> <!-- @AfterMethod listenerResultFlow_driverTearDown -->
  <testcase name="tc001_LoginAndCartOperation" time="0.0" classname="TestScript.Amazon_TestCases">
    <skipped/>
  </testcase> <!-- tc001_LoginAndCartOperation -->
</testsuite> <!-- Default test -->
